<?xml version="1.0" encoding="UTF-8" standalone="no"?>
<!DOCTYPE log SYSTEM "logger.dtd">
<log>
<record>
  <date>2020-07-23T14:30:23</date>
  <millis>1595507423925</millis>
  <sequence>0</sequence>
  <logger>global</logger>
  <level>INFO</level>
  <class>mavenex.Log</class>
  <method>infoLog</method>
  <thread>1</thread>
  <message>Here i am,the most simple class</message>
</record>
</log>
<?xml version="1.0" encoding="UTF-8" standalone="no"?>
<!DOCTYPE log SYSTEM "logger.dtd">
<log>
<record>
  <date>2020-07-23T17:32:16</date>
  <millis>1595518336830</millis>
  <sequence>0</sequence>
  <logger>global</logger>
  <level>INFO</level>
  <class>mavenex.Log</class>
  <method>infoLog</method>
  <thread>1</thread>
  <message>Here i am,the most simple class</message>
</record>
</log>
